[    0.000000] Initializin cgroup subsys cpuset
[    0.000000] Initializing cgroup subsys cpu
[    0.000000] Initializing cgroup subsys cpuacct
[    .0000]Linux erion 4..0116-geneic(buildd@lgw01-amd64-021) (gcc version 5.4.0 20160609 (Ubuntu 5.4.0-6ubunu116.04.9) ) #40Ubuntu SMP Mon Feb 12 21:23:04 UTC 2018(Ubuntu 4.4.0-116.140-generic 4.4.98)
[    0.000000] Command line: BOOT_IMAGE=/boot/vmlinuz-4.4.0-116-generic root=LABEL=cloudimg-rootfs ro console=tty1 console=ttyS0
[    0.000000] KERNEL supported cpus:
[    0.000000]  Intel GenuineIntel
[    0.000000]   AMD AuthenticAMD
[    0.000000]   Centaur CentaurHauls
[    0.000000] x86/fpu: Legacy x87 FPU detected.
[    0.000000] x86/fpu: Using 'lazy' FPU context switches.
[    0.000000] e820: BIOS-provided physical RAM map:
[    0.000000] BIOS-e820: [mem 0x0000000000000000-0x000000000009fbff] usable
[    0.000000] BIOS-e820: [mem 0x000000000009fc00-0x000000000009ffff] reserved
[    0.000000] BIOS-e820: [mem 0x00000000000f0000-0x00000000000fffff] reserved
[    0.000000] BIOS-e820: [mem 0x0000000000100000-0x000000003ffeffff] usable
[    0.000000] BIOS-e820: [mem 0x000000003fff0000-0x000000003fffffff] ACPI data
[    0.000000] BIOS-e820: [mem 0x00000000fec00000-0x00000000fec00fff] reserved
[    0.00000 BOS-e820: [mem 0x00000000fee00000-0x00000000fee00fff] reserved
[    0.000000] BIOS-e820: me 0x00000000fffc0000-0x00000000ffffffff] reserved
[    0.000000] NX (Execute Disable) protection: active
[    0.000000] SMBIOS 2.5 present.
[    0.000000] Hypervisr detected: KVM
[    0.000000] e820: last_pfn = 0x3fff0 max_arch_pfn = 0x400000000
[    0.000000] MTRR: Disabled
[    0.000000] x86/PAT: MTRRs disabled, skipping PAT initialization too.
[    0.000000] CPU MTRRs all blank - virtualized system.
[    0.000000] x86/PAT: Configuration [0-7]: WB  WT  UC- UC  WB  WT  UC- UC  
[    0.000000] found SMP MP-table at [mem 0x0009fff0-0x0009ffff] mapped at [ffff88000009fff0]
[    0.000000] Scanning 1 areas for low memory corruption
[    0.000000] RAMDISK: [mem 0x36ac2000-0x37558fff]
[    0.000000] ACPI: Early table checksum verification disabled
[    0.000000] ACPI: RSDP 0x00000000000E0000 000024 (v02 VBOX  )
[    0.000000] ACPI: XSDT 0x000000003FFF0030 00003C (v01 VBOX   VBOXXSDT 00000001 ASL  00000061)
[    0.000000] ACPI: FACP 0x000000003FFF00F0 0000F4 (v04 VBOX   VBOXFACP 00000001 ASL  00000061)
[    0.000000] ACPI: DSDT 0x000000003FFF0470 0021FF (v02 VBOX   VBOXBIOS 00000002 INTL 20100528)
[    0.000000] ACPI: FACS 0x000000003FFF0200 000040
[    0.000000] ACPI: FACS 0x000000003FFF0200 000040
[    0.000000] ACPI: APIC 0x000000003FFF0240 00005C (v02 VBOX   VBOXAPIC 00000001 ASL  00000061)
[    0.000000] ACPI: SSDT 0x000000003FFF02A0 0001CC (v01 VBOX  VBOXPU 0000002INTL 201058)
[   .00000 No NUMA configuration found
   0.00000 Faking a nod at [mm 0x00000000000000-0x0000000ffefff]
[    0.00000] NODE_DATA(0) allocated[mm 0xffb000-03feffff]
[    0.000000] kvm-clock: Using msrs b564d01 and 4b564d00
[    0.000000] kvm-clock: cpu 0,ms 0:3ffe3001, primarycp clock[    0.000000] kvm-clock: using schd offset of 5037128665 cycles
[    0.000000] clocksource: kvm-clock: mask: 0xffffffffffffffff max_cycles: 0x1cd42e4dffb, max_idle_ns: 881590591483 ns
[    0.000000] Zone ranges:
[   0.000000]   DMA      [mem 0xx0000000000001000-0x0000000000ffffff]
[    0.000000]   DMA32    [mem 0x0000000001000000-0x000000003ffeffff]
[    0.000000]   Normal   empty
[    0.000000]   Device   empty
[    0.000000] Movable zone start for each node
[    0.000000] Early memory node ranges
[    0.000000]   node   0: [mem 0x0000000000001000-0x000000000009efff]
[    0.000000]   node   0: [mem 0x0000000000100000-0x000000003ffeffff]
[    0.000000] Initmem setup node 0 [mem 0x0000000000001000-0x000000003ffeffff]
[    0.000000] ACPI: PM-Timer IO Port: 0x4008
[    0.000000] IOAPIC[0]: apic_id 2, version 32, address 0xfec00000, GSI 0-23
[    0.000000] ACPI: INT_SRC_OVR (bus 0 bus_irq 0 global_irq 2 dfl dfl)
[    0.000000] ACPI: INT_SR_OVR (bus 0 bus_irq 9 global_irq 9 low level)
[   0.00000] Using ACPI (MADT) for SMP configuration information
[    0.000000] smpboot: Allowing 2 CPUs, 0 hotplug CPUs
[    0.000000] PM: Registered nosave memory: [mem 0x00000000-0x00000fff]
[    0.000000] PM: Registered nosave memory: [mem 0x0009f00-0x0009ffff]
[    0.000000] PM: Registered nosave memory: [mem 0x000a0000-0x000effff]
[    0.000000] PM: Registered nosae memor: mem 000f0000-0x00ff]
[    0.00000] e20: [em0x40000000-0xfebfffff] available for PCI devices
[    0.000000] Booting paravirtualized kernel on KVM
[    0.000000] clocksource: refined-jiffies: mask: 0xffffffff max_cycles: 0xffffffff, max_idle_ns: 7645519600211568 ns
[    0.000000] setup_percpu: NR_CPUS:512 nr_cpumask_bits:512 nr_cpu_ids:2 nr_node_ids:1
[    0.000000] PERCPU: Embedded 34 pages/cpu @ffff88003fc00000 s99544 r8192 d31528 u1048576
[    0.000000] PV qspinlock hash table entries: 256 (order: 0, 4096 bytes)
[    0.000000] Built 1 zonelists in Node order, mobility grouping on.  Total pages: 257913
[    0.000000] Policy zone: DMA32
[    0.000000] Kernel command line: BOOT_IMAGE=/boot/vmlinuz-4.4.0-116-generic root=LABEL=cloudimg-rootfs ro console=tty1 console=ttyS0
[    0.000000] PID hash table entries: 4096 (order: 3, 32768 bytes)
[    0.000000] Memory: 1001688K/1048120K available (8530K kernel code, 1309K rwdata, 3992K rodata, 1508K init, 1316K bss, 46432K reserved, 0K cma-reserved)
[    0.000000] SLUB: HWalign=64, Order=0-3, MinObjects=0, CPUs=2, Nodes=1
[    0.000000] Kernel/User page tables isolation: enabled
[    0.000000] Hierarchical RCU implementation.
[    0.000000] 	Build-time adjustment of leaf fanout to 64.
[    0.000000] 	RCU restricting CPUs from NR_CPUS=512 to nr_cpu_ids=2.
[    0.000000] RCU: Adjusting geometry for rcu_fanout_leaf=64, nr_cpu_ids=2
[    0.000000] NR_IRQS:33024 nr_irqs:440 16
[    0.000000] Console: colour VGA+ 80x25
[    0.000000] console [tty1] enabled
[    0.000000] console [ttyS0] enabled
[    0.000000] tsc: Detected 2700.766 MHz processor
[    2.833739] Calibrating delay loop (skipped) preset value.. 5401.53 BogoMIPS (lpj=10803064)
[    2.838681] pid_max: default: 32768 minimum: 301
[    2.841262] ACPI: Core revision 20150930
[    2.845145] ACPI: 2 ACPI AML tables successfully acquired and loaded
[    2.848816] Security Framework initialized
[    2.851241] Yama: becoming mindful.
[    2.853435] AppArmor: AppArmor initialized
[    2.856040] Dentry cache hash table entries: 131072 (order: 8, 1048576 bytes)
[    2.861202] Inode-cache hash table entries: 65536 (order: 7, 524288 bytes)
[    2.865570] Mount-cache hash table entries: 2048 (order: 2, 16384 bytes)
[    2.869291] Mountpoint-cache hash table entries: 2048 (order: 2, 16384 bytes)
[    2.874092] Initializing cgroup subsys io
[    2.876498] Initializing cgroup subsys memory
[    2.879034] Initializing cgroup subsys devices
[    2.881527] Initializing cgroup subsys freezer
[    2.884065] Initializing cgroup subsys net_cls
[    2.886608] Initializing cgroup subsys perf_event
[    2.889227] Initializing cgroup subsys net_prio
[    2.891832] Initializing cgroup subsys hugetlb
[    2.894340] Initializing cgroup subsys pids
[    2.896882] FEATURE SPEC_CTRL Not Present
[    2.899234] CPU: Physical Processor ID: 0
[    2.901543] CPU: Processor Core ID: 0
[    2.903772] mce: CPU supports 0 MCE banks
[    2.906224] Last level iTLB entries: 4KB 128, 2MB 4, 4MB 4
[    2.909161] Last level dTLB entries: 4KB 256, 2MB 0, 4MB 32, 1GB 0
[    2.912469] Spectre V2 mitigation: Mitigation: Full generic retpoline
[    2.935200] Spectre V2 mitigation: Speculation control IBPB not-supported IBRS not-supported
[    3.027105] Freeing SMP alternatives memory: 32K
[    3.048809] ftrace: allocating 32186 entries in 126 pages
[    3.131070] smpboot: APIC(0) Converting physical 0 to logical package 0
[    3.186685] smpboot: Max logical packages: 1
[    3.189905] x2apic enabled
[    3.192457] Switched APIC routing to physical x2apic.
[    3.198409] ..TIMER: vector=0x30 apic1=0 pin1=2 apic2=-1 pin2=-1
[    3.305809] smpboot: CPU0: Intel Pentium(R) Dual-Core  CPU      E5400  @ 2.70GHz (family: 0x6, model: 0x17, stepping: 0xa)
[    3.312498] Performance Events: unsupported p6 CPU model 23 no PMU driver, software events only.
[    3.318215] KVM setup paravirtual spinlock
[    3.322484] x86: Booting SMP configuration:
[    3.324914] .... node  #0, CPUs:      #1
[    3.335352] kvm-clock: cpu 1, msr 0:3ffe3041, secondary cpu clock
[    3.340099] mce: CPU supports 0 MCE banks
[    3.356560] x86: Booted up 1 node, 2 CPUs
[    3.359481] smpboot: Total of 2 processors activated (10803.06 BogoMIPS)
[    3.370812] devtmpfs: initialized
[    3.383196] evm: security.selinux
[    3.387689] evm: security.SMACK64
[    3.394799] evm: security.SMACK64EXEC
[    3.397351] evm: security.SMACK64TRANSMUTE
[    3.403013] evm: security.SMACK64MMAP
[    3.406578] evm: security.ima
[    3.416113] evm: security.capability
[    3.420007] clocksource: jiffies: mask: 0xffffffff max_cycles: 0xffffffff, max_idle_ns: 7645041785100000 ns
[    3.432313] futex hash table entries: 512 (order: 3, 32768 bytes)
[    3.438104] pinctrl core: initialized pinctrl subsystem
[    3.448261] RTC time: 19:07:18, date: 03/29/18
[    3.451903] NET: Registered protocol family 16
[    3.469949] cpuidle: using governor ladder
[    3.485905] cpuidle: using governor menu
[    3.491407] PCCT header not found.
[    3.498977] ACPI: bus type PCI registered
[    3.503964] acpiphp: ACPI Hot Plug PCI Controller Driver version: 0.5
[    3.515461] PCI: Using configuration type 1 for base access
[    3.574527] ACPI: Added _OSI(Module Device)
[    3.586809] ACPI: Added _OSI(Processor Device)
[    3.595815] ACPI: Added _OSI(3.0 _SCP Extensions)
[    3.599700] ACPI: Added _OSI(Processor Aggregator Device)
[    3.607283] ACPI: Executed 1 blocks of module-level executable AML code
[    3.627669] ACPI: Interpreter enabled
[    3.639184] ACPI: (supports S0 S5)
[    3.645541] ACPI: Using IOAPIC for interrupt routing
[    3.654650] PCI: Using host bridge windows from ACPI; if necessary, use "pci=nocrs" and report a bug
[    3.674498] ACPI: PCI Root Bridge [PCI0] (domain 0000 [bus 00-ff])
[    3.691608] acpi PNP0A03:00: _OSC: OS supports [ASPM ClockPM Segments MSI]
[    3.703417] acpi PNP0A03:00: _OSC: not requesting OS control; OS requires [ExtendedConfig ASPM ClockPM MSI]
[    3.716226] acpi PNP0A03:00: fail to add MMCONFIG information, can't access extended PCI configuration space under this bridge.
[    3.732564] PCI host bridge to bus 0000:00
[    3.739421] pci_bus 0000:00: root bus resource [io  0x0000-0x0cf7 window]
[    3.748054] pci_bus 0000:00: root bus resource [io  0x0d00-0xffff window]
[    3.759756] pci_bus 0000:00: root bus resource [mem 0x000a0000-0x000bffff window]
[    3.775833] pci_bus 0000:00: root bus resource [mem 0x40000000-0xfdffffff window]
[    3.788315] pci_bus 0000:00: root bus resource [bus 00-ff]
[    3.793825] pci 0000:00:01.1: legacy IDE quirk: reg 0x10: [io  0x01f0-0x01f7]
[    3.806416] pci 0000:00:01.1: legacy IDE quirk: reg 0x14: [io  0x03f6]
[    3.815464] pci 0000:00:01.1: legacy IDE quirk: reg 0x18: [io  0x0170-0x0177]
[    3.823236] pci 0000:00:01.1: legacy IDE quirk: reg 0x1c: [io  0x0376]
[    3.905713] pci 0000:00:07.0: quirk: [io  0x4000-0x403f] claimed by PIIX4 ACPI
[    3.915253] pci 0000:00:07.0: quirk: [io  0x4100-0x410f] claimed by PIIX4 SMB
[    3.965567] ACPI: PCI Interrupt Link [LNKA] (IRQs 5 9 10 *11)
[    3.975582] ACPI: PCI Interrupt Link [LNKB] (IRQs 5 9 *10 11)
[    4.006765] ACPI: PCI Interrupt Link [LNKC] (IRQs 5 *9 10 11)
[    4.019264] ACPI: PCI Interrupt Link [LNKD] (IRQs 5 9 10 *11)
[    4.026870] ACPI: Enabled 2 GPEs in block 00 to 07
[    4.033460] vgaarb: setting as boot device: PCI:0000:00:02.0
[    4.036453] vgaarb: device added: PCI:0000:00:02.0,decodes=io+mem,owns=io+mem,locks=none
[    4.041249] vgaarb: loaded
[    4.043112] vgaarb: bridge control possible 0000:00:02.0
[    4.080295] SCSI subsystem initialized
[    4.084592] ACPI: bus type USB registered
[    4.087052] usbcore: registered new interface driver usbfs
[    4.089773] usbcore: registered new interface driver hub
[    4.093178] usbcore: registered new device driver usb
[    4.097710] PCI: Using ACPI for IRQ routing
[    4.100967] NetLabel: Initializing
[    4.103108] NetLabel:  domain hash size = 128
[    4.105497] NetLabel:  protocols = UNLABELED CIPSOv4
[    4.109920] NetLabel:  unlabeled traffic allowed by default
[    4.113443] amd_nb: Cannot enumerate AMD northbridges
[    4.142433] clocksource: Switched to clocksource kvm-clock
[    4.165305] AppArmor: AppArmor Filesystem Enabled
[    4.167994] pnp: PnP ACPI init
[    4.171022] pnp: PnP ACPI: found 3 devices
[    4.198473] clocksource: acpi_pm: mask: 0xffffff max_cycles: 0xffffff, max_idle_ns: 2085701024 ns
[    4.207422] NET: Registered protocol family 2
[    4.211243] TCP established hash table entries: 8192 (order: 4, 65536 bytes)
[    4.214822] TCP bind hash table entries: 8192 (order: 5, 131072 bytes)
[    4.218138] TCP: Hash tables configured (established 8192 bind 8192)
[    4.221940] UDP hash table entries: 512 (order: 2, 16384 bytes)
[    4.224897] UDP-Lite hash table entries: 512 (order: 2, 16384 bytes)
[    4.228257] NET: Registered protocol family 1
[    4.230669] pci 0000:00:00.0: Limiting direct PCI/PCI transfers
[    4.233577] pci 0000:00:01.0: Activating ISA DMA hang workarounds
[    4.236897] Unpacking initramfs...
[    6.619221] Freeing initrd memory: 10844K
[    6.622394] platform rtc_cmos: registered platform RTC device (no PNP device found)
[    6.627410] Scanning for low memory corruption every 60 seconds
[    6.631956] audit: initializing netlink subsys (disabled)
[    6.635366] audit: type=2000 audit(1522350445.264:1): initialized
[    6.639307] Initialise system trusted keyring
[    6.644295] HugeTLB registered 2 MB page size, pre-allocated 0 pages
[    6.650353] zbud: loaded
[    6.653127] VFS: Disk quotas dquot_6.6.0
[    6.656039] VFS: Dquot-cache hash table entries: 512 (order 0, 4096 bytes)
[    6.660704] squashfs: version 4.0 (2009/01/31) Phillip Lougher
[    6.665287] fuse init (API version 7.23)
[    6.668115] Key type big_key registered
[    6.670515] Allocating IMA MOK and blacklist keyrings.
[    6.683752] Key type asymmetric registered
[    6.686593] Asymmetric key parser 'x509' registered
[    6.689477] Block layer SCSI generic (bsg) driver version 0.4 loaded (major 249)
[    6.695312] io scheduler noop registered
[    6.697684] io scheduler deadline registered (default)
[    6.701370] io scheduler cfq registered
[    6.706725] pci_hotplug: PCI Hot Plug PCI Core version: 0.5
[    6.757246] pciehp: PCI Express Hot Plug Controller Driver version: 0.4
[    6.857069] ACPI: AC Adapter [AC] (on-line)
[    6.866847] input: Power Button as /devices/LNXSYSTM:00/LNXPWRBN:00/input/input0
[    6.918171] ACPI: Power Button [PWRF]
[    6.945236] input: Sleep Button as /devices/LNXSYSTM:00/LNXSLPBN:00/input/input1
[    6.960774] ACPI: Sleep Button [SLPF]
[    6.970995] GHES: HEST is not enabled!
[    6.990899] Serial: 8250/16550 driver, 32 ports, IRQ sharing enabled
[    7.110221] 00:02: ttyS0 at I/O 0x3f8 (irq = 4, base_baud = 115200) is a 16550A
[    7.159084] Linux agpgart interface v0.103
[    7.173850] loop: module loaded
[    7.206577] scsi host0: ata_piix
[    7.220296] scsi host1: ata_piix
[    7.231315] ata1: PATA max UDMA/33 cmd 0x1f0 ctl 0x3f6 bmdma 0xd000 irq 14
[    7.233687] ata2: PATA max UDMA/33 cmd 0x170 ctl 0x376 bmdma 0xd008 irq 15
[    7.258316] libphy: Fixed MDIO Bus: probed
[    7.267813] tun: Universal TUN/TAP device driver, 1.6
[    7.287791] tun: (C) 1999-2004 Max Krasnyansky <maxk@qualcomm.com>
[    7.291025] PPP generic driver version 2.4.2
[    7.294271] ehci_hcd: USB 2.0 'Enhanced' Host Controller (EHCI) Driver
[    7.297560] ehci-pci: EHCI PCI platform driver
[    7.300122] ehci-platform: EHCI generic platform driver
[    7.302871] ohci_hcd: USB 1.1 'Open' Host Controller (OHCI) Driver
[    7.305906] ohci-pci: OHCI PCI platform driver
[    7.308508] ohci-platform: OHCI generic platform driver
[    7.311352] uhci_hcd: USB Universal Host Controller Interface driver
[    7.314674] i8042: PNP: PS/2 Controller [PNP0303:PS2K,PNP0f03:PS2M] at 0x60,0x64 irq 1,12
[    7.319886] serio: i8042 KBD port at 0x60,0x64 irq 1
[    7.322539] serio: i8042 AUX port at 0x60,0x64 irq 12
[    7.325466] mousedev: PS/2 mouse device common for all mice
[    7.341639] rtc_cmos rtc_cmos: rtc core: registered rtc_cmos as rtc0
[    7.348158] input: AT Translated Set 2 keyboard as /devices/platform/i8042/serio0/input/input2
[    7.358042] rtc_cmos rtc_cmos: alarms up to one day, 114 bytes nvram
[    7.361315] i2c /dev entries driver
[    7.363588] device-mapper: uevent: version 1.0.3
[    7.366527] device-mapper: ioctl: 4.34.0-ioctl (2015-10-28) initialised: dm-devel@redhat.com
[    7.371314] ledtrig-cpu: registered to indicate activity on CPUs
[    7.389554] NET: Registered protocol family 10
[    7.415670] NET: Registered protocol family 17
[    7.456393] Key type dns_resolver registered
[    7.464034] microcode: CPU0 sig=0x1067a, pf=0x40, revision=0x60b
[    7.467944] microcode: CPU1 sig=0x1067a, pf=0x40, revision=0x60b
[    7.479223] microcode: Microcode Update Driver: v2.01 <tigran@aivazian.fsnet.co.uk>, Peter Oruba
[    7.492661] registered taskstats version 1
[    7.503177] Loading compiled-in X.509 certificates
[    7.508030] Loaded X.509 cert 'Build time autogenerated kernel key: aa84f01984fbd529c105810b59e379d349698248'
[    7.517708] zswap: loaded using pool lzo/zbud
[    7.581855] Key type trusted registered
[    7.639893] Key type encrypted registered
[    7.642738] AppArmor: AppArmor sha1 policy hashing enabled
[    7.647368] ima: No TPM chip found, activating TPM-bypass!
[    7.651178] evm: HMAC attrs: 0x1
[    7.654773]   Magic number: 10:242:143
[    7.657279] rtc_cmos rtc_cmos: setting system clock to 2018-03-29 19:07:22 UTC (1522350442)
[    7.663569] BIOS EDD facility v0.16 2004-Jun-25, 0 devices found
[    7.667210] EDD information not available.
[    7.680666] Freeing unused kernel memory: 1508K
[    7.683872] Write protecting the kernel read-only data: 14336k
[    7.704286] Freeing unused kernel memory: 1700K
[    7.708099] Freeing unused kernel memory: 104K
Loading, please wait...
starting version 229
[    7.964250] random: systemd-udevd: uninitialized urandom read (16 bytes read, 3 bits of entropy available)
[    7.980397] random: systemd-udevd: uninitialized urandom read (16 bytes read, 3 bits of entropy available)
[    7.986053] random: systemd-udevd: uninitialized urandom read (16 bytes read, 3 bits of entropy available)
[    7.994691] random: systemd-udevd: uninitialized urandom read (16 bytes read, 3 bits of entropy available)
[    7.997434] random: udevadm: uninitialized urandom read (16 bytes read, 3 bits of entropy available)
[    7.997568] random: udevadm: uninitialized urandom read (16 bytes read, 3 bits of entropy available)
[    8.077586] random: systemd-udevd: uninitialized urandom read (16 bytes read, 3 bits of entropy available)
[    8.151423] random: udevadm: uninitialized urandom read (16 bytes read, 3 bits of entropy available)
[    8.151760] random: udevadm: uninitialized urandom read (16 bytes read, 3 bits of entropy available)
[    8.152814] random: udevadm: uninitialized urandom read (16 bytes read, 3 bits of entropy available)
[    8.629408] Fusion MPT base driver 3.04.20
[    8.630059] tsc: Refined TSC clocksource calibration: 2693.940 MHz
[    8.630076] clocksource: tsc: mask: 0xffffffffffffffff max_cycles: 0x26d4e1bcd88, max_idle_ns: 440795319625 ns
[    8.641817] Copyright (c) 1999-2008 LSI Corporation
[    8.652651] e1000: Intel(R) PRO/1000 Network Driver - version 7.3.21-k8-NAPI
[    8.656576] e1000: Copyright (c) 1999-2006 Intel Corporation.
[    8.869858] Fusion MPT SPI Host driver 3.04.20
[    8.919753] input: ImExPS/2 Generic Explorer Mouse as /devices/platform/i8042/serio1/input/input4
[    9.247478] e1000 0000:00:03.0 eth0: (PCI:33MHz:32-bit) 02:f4:1f:34:da:68
[    9.253034] e1000 0000:00:03.0 eth0: Intel(R) PRO/1000 Network Connection
[    9.262144] mptbase: ioc0: Initiating bringup
[    9.755779] ioc0: LSI53C1030 A0: Capabilities={Initiator}
[   10.897684] scsi host2: ioc0: LSI53C1030 A0, FwRev=00000000h, Ports=1, MaxQ=256, IRQ=20
[   11.293899] scsi 2:0:0:0: Direct-Access     VBOX     HARDDISK         1.0  PQ: 0 ANSI: 5
[   11.343790] scsi target2:0:0: Beginning Domain Validation
[   11.348992] scsi target2:0:0: Domain Validation skipping write tests
[   11.355722] scsi target2:0:0: Ending Domain Validation
[   11.376741] scsi target2:0:0: asynchronous
[   11.385450] scsi 2:0:1:0: Direct-Access     VBOX     HARDDISK         1.0  PQ: 0 ANSI: 5
[   11.390423] scsi target2:0:1: Beginning Domain Validation
[   11.400369] scsi target2:0:1: Domain Validation skipping write tests
[   11.407586] scsi target2:0:1: Ending Domain Validation
[   11.412310] scsi target2:0:1: asynchronous
[   11.451602] sd 2:0:0:0: [sda] 20971520 512-byte logical blocks: (10.7 GB/10.0 GiB)
[   11.489564] sd 2:0:0:0: Attached scsi generic sg0 type 0
[   11.501694] sd 2:0:0:0: [sda] Write Protect is off
[   11.515623] sd 2:0:1:0: [sdb] 20480 512-byte logical blocks: (10.5 MB/10.0 MiB)
[   11.578177] sd 2:0:1:0: Attached scsi generic sg1 type 0
[   11.587232] sd 2:0:0:0: [sda] Incomplete mode parameter data
[   11.590377] sd 2:0:0:0: [sda] Assuming drive cache: write through
[   11.594545] sd 2:0:1:0: [sdb] Write Protect is off
[   11.607150] sd 2:0:1:0: [sdb] Incomplete mode parameter data
[   11.611351] sd 2:0:1:0: [sdb] Assuming drive cache: write through
[   11.634052]  sda: sda1
[   11.656500] sd 2:0:0:0: [sda] Attached SCSI disk
[   11.662353] floppy0: no floppy controllers found
[   11.679180] sd 2:0:1:0: [sdb] Attached SCSI disk
[   11.973221] e1000 0000:00:08.0 eth1: (PCI:33MHz:32-bit) 08:00:27:e0:a4:38
[   11.986308] e1000 0000:00:08.0 eth1: Intel(R) PRO/1000 Network Connection
[   12.002965] e1000 0000:00:03.0 enp0s3: renamed from eth0
[   12.051375] e1000 0000:00:08.0 enp0s8: renamed from eth1
Begin: Loading essential drivers ... [   14.573435] md: linear personality registered for level -1
[   14.614263] md: multipath personality registered for level -4
[   14.660498] md: raid0 personality registered for level 0
[   14.697663] md: raid1 personality registered for level 1
[   14.810038] raid6: sse2x1   gen()  3768 MB/s
[   14.882057] raid6: sse2x1   xor()  4138 MB/s
[   14.954093] raid6: sse2x2   gen()  2825 MB/s
[   15.022524] raid6: sse2x2   xor()  3464 MB/s
[   15.090088] raid6: sse2x4   gen()  6339 MB/s
[   15.176996] raid6: sse2x4   xor()  1191 MB/s
[   15.181307] raid6: using algorithm sse2x4 gen() 6339 MB/s
[   15.187112] raid6: .... xor() 1191 MB/s, rmw enabled
[   15.190330] raid6: using ssse3x2 recovery algorithm
[   15.229425] xor: measuring software checksum speed
[   15.330036]    prefetch64-sse: 10080.000 MB/sec
[   15.378030]    generic_sse:  8947.000 MB/sec
[   15.386166] xor: using function: prefetch64-sse (10080.000 MB/sec)
[   15.414063] async_tx: api initialized (async)
[   15.459052] md: raid6 personality registered for level 6
[   15.462503] md: raid5 personality registered for level 5
[   15.466302] md: raid4 personality registered for level 4
[   15.546649] md: raid10 personality registered for level 10
done.
Begin: Running /scripts/init-premount ... done.
Begin: Mounting root file system ... Begin: Running /scripts/local-top ... done.
Begin: Running /scripts/local-premount ... [   15.791215] Btrfs loaded
Scanning for Btrfs filesystems
done.
Warning: fsck no[   16.076681] EXT4-fs (sda1): INFO: recovery required on readonly filesystem
t present, so sk[   16.125449] EXT4-fs (sda1): write access will be enabled during recovery
ipping root file system
[   16.726142] EXT4-fs (sda1): orphan cleanup on readonly fs
[   17.926269] EXT4-fs (sda1): 7 orphan inodes deleted
[   18.936158] EXT4-fs (sda1): recovery complete
[   18.957266] EXT4-fs (sda1): mounted filesystem with ordered data mode. Opts: (null)
done.
Begin: Running /scripts/local-bottom ... done.
Begin: Running /scripts/init-bottom ... done.
[   19.475471] random: nonblocking pool is initialized
[   20.095848] systemd[1]: systemd 229 running in system mode. (+PAM +AUDIT +SELINUX +IMA +APPARMOR +SMACK +SYSVINIT +UTMP +LIBCRYPTSETUP +GCRYPT +GNUTLS +ACL +XZ -LZ4 +SECCOMP +BLKID +ELFUTILS +KMOD -IDN)
[   20.111724] systemd[1]: Detected virtualization oracle.
[   20.117003] systemd[1]: Detected architecture x86-64.

Welcome to [1mUbuntu 16.04.4 LTS[0m!

[   20.170059] systemd[1]: Set hostname to <ubuntu-xenial>.
[   22.167327] systemd[1]: Listening on udev Control Socket.
[[0;32m  OK  [0m] Listening on udev Control Socket.
[  22.174721] systemd[1]: Reachedd target Encrypted Volumes.
[[0;32m  OK  [0m] Reached target Encrypted Volumes.
[   22.221628] systemd[1]: Listening on Journal Socket.
[[0;32m  OK  [0m] Listening on Journal Socket.
[   22.228380] systemd[1]: Started Forward Password Requests to Wall Directory Watch.
[[0;32m  OK  [0m] Started Forward Password Requests to Wall Directory Watch.
[   22.238605] systemd[1]: Set up automount Arbitrary Executable File Formats File System Automount Point.
[[0;32m  OK  [0m] Set up automount Arbitrary Executab...ats File System Automount Point.
[   22.250013] systemd[1]: Listening on LVM2 poll daemon socket.
[[0;32m  OK  [0m] Listening on LVM2 poll daemon socket.
[   22.256662] systemd[1]: Reached target Swap.
[[0;32m  OK  [0m] Reached target Swap.
[   22.270767] systemd[1]: Listening on Device-mapper event daemon FIFOs.
[[0;32m  OK  [0m] Listening on Device-mapper event daemon FIFOs.
[   22.278297] systemd[1]: Listening on Syslog Socket.
[[0;32m  OK  [0m] Listening on Syslog Socket.
[   22.283972] systemd[1]: Started Trigger resolvcof update for networkd DNS.
[[0;32m  OK  [0m] Started Trigger resolvconf update for networkd DNS.
[   22324378] systemd[1]: Listening on Journal Socket (/dev/log).
[[0;32m  OK  [0m] Listening on Journal Socket (/dev/log).
[   22.483361] systemd[1]: Listening on LVM2 metadata daemon socket.
[[0;32m  OK  [0m] Listening on LVM2 metadata daemon socket.
[   22.488667] systemd[1]: Listening on /dev/initctl Compatibility Named Pipe.
[[0;32m  OK  [0m] Listening on /dev/initctl Compatibility Named Pipe.
[   22.495420] systemd[1]: Reached target User and Group Name Lookups.
[[0;32m  OK  [0m] Reached target User and Group Name Lookups.
[   22.501558] systemd[1]: Listening on udev Kernel Socket.
[[0;32m  OK  [0m] Listening on udev Kernel Socket.
[   22.507316] systemd[1]: Listening on Journal Audit Socket.
[[0;32m  OK  [0m] Listening on Journal Audit Socket.
[   22.521397] systemd[1]: Created slice User and Session Slice.
[[0;32m  OK  [0m] Created slice User and Session Slice.
[  22.612699] systmd[1]: Created slice System Slice.
[[0;32m  OK  [0m] Created slice System Slice.
[   22.754741] systemd[1]: Mounting Debug File System...
         Mounting Debug File System...
[   22.780181] systemd[1]: Starting Nameserver information manager...
         Starting Nameserver information manager...
[   22.813535] systemd[1]: Created slice system-postgresql.slice.
[[0;32m  OK  [0m] Created slice system-postgresql.slice.
[   22.868867] systemd[1]: Starting Create list of required static device nodes for the current kernel...
         Starting Create list of required st... nodes for the current kernel...
[   22.915923] systemd[1]: Reached target Slices.
[[0;32m  OK  [0m] Reached target Slices.
[   22.968804] systemd[1]: Created slice system-serial\x2dgetty.slice.
[[0;32m  OK  [0m] Created slice system-serial\x2dgetty.slice.
[   23.002569] systemd[1]: Mounting POSIX Message Queue File System...
         Mounting POSIX Message Queue File System...
[   23.052017] systemd[1]: Starting Load Kernel Modules...
         Starting Load Kernel Modules...
[   23.101827] systemd[1]: Mounting Huge Pages File System...
         Mounting Huge Pages File System...
[   23.174351] Loading iSCSI transport class v2.0-870.
[   23.182289] systemd[1]: Starting Set console keymap...
         Starting Set console keymap...
[   23.231959] systemd[1]: Starting Remount Root and Kernel File Systems...
         Startin[   23.296763] EXT4-fs (sda1): re-mounted. Opts: (null)
g Remount Root and Kernel File Systems...
[   23.427489] systemd[1]: Starting Monitoring of LVM2 mirrors, snapshots etc. using dmeventd or progress polling...
         Starting Monitoring of LVM2 mirrors... dmeventd or progress polling...
[   23.490870] systemd[1]: Starting Journal Service...
         Starting Journal Service...
[   23.536023] systemd[1]: Starting Uncomplicated firewall...
         Starting Uncomplicated firewall...
[   23.565726] iscsi: registered transport (tcp)
[   23.626369] systemd[1]: Mounted Huge Pages File System.
[[0;32m  OK  [0m] Mounted Huge Pages File System.
[   23.666139] systemd[1]: Mounted Debug File System.
[[0;32m  OK  [0m] Mounted Debug File System.
[   23.678128] systemd[1]: Mounted POSIX Message Queue File System.
[[0;32m  OK  [0m] Mounted POSIX Message Queue File System.
[   23.748868] systemd[1]: Started Create list of required static device nodes for the current kernel.
[[0;32m  OK  [0m] Started Create list of required sta...ce nodes for the current kernel.
[   23.807373] systemd[1]: Started Remount Root and Kernel File Systems.
[[0;32m  OK  [0m] Started Remount Root and Kernel File Systems.
[   23.849205] systemd[1]: Started Uncomplicated firewall.
[[0;32m  OK  [0m] Started Uncomplicated firewall.
[   23.873065] iscsi: registered transport (iser)
[   24.052218] systemd[1]: Started Nameserver information manager.
[[0;32m  OK  [0m] Started Nameserver information manager.
[   24.113603] systemd[1]: Started Load Kernel Modules.
[[0;32m  OK  [0m] Started Load Kernel Modules.
[   24.163263] systemd[1]: Started Journal Service.
[[0;32m  OK  [0m] Started Journal Service.
[[0;32m  OK  [0m] Started Set console keymap.
[[0;32m  OK  [0m] Started LVM2 metadata daemon.
         Starting Apply Kernel Variables...
         Mounting FUSE Control File System...
         Starting udev Coldplug all Devices...
         Starting Load/Save Random Seed...
         Starting Initial cloud-init job (pre-networking)...
         Starting Flush Journal to Persistent Storage...
         Starting Create Static Device Nodes in /dev...
[[0;32m  OK  [0m] Mounted FUSE Control File System.
[[0;32m  OK  [0m] Started Apply Kernel Variables.
[[0;32m  OK  [0m] Started Load/Save Random Seed.
[[0;32m  OK  [0m] Started Flush Journal to Persistent Storage.
[[0;32m  OK  [0m] Started Monitoring of LVM2 mirrors,...ng dmeventd or progress polling.
[[0;32m  OK  [0m] Started Create Static Device Nodes in /dev.
         Starting udev Kernel Device Manager...
[[0;32m  OK  [0m] Started udev Coldplug all Devices.
[[0;32m  OK  [0m] Started udev Kernel Device Manager.
[[0;32m  OK  [0m] Reached target Local File Systems (Pre).
[[0;32m  OK  [0m] Reached target Local File Systems.
         Starting Tell Plymouth To Write Out Runtime Data...
         Starting LSB: AppArmor initialization...
         Starting Set console font and keymap...
         Starting Create Volatile Files and Directories...
[[0;32m  OK  [0m] Started Dispatch Password Requests to Console Directory Watch.
[[0;32m  OK  [0m] Started Tell Plymouth To Write Out Runtime Data.
[[0;32m  OK  [0m] Started Create Volatile Files and Directories.
[[0;32m  OK  [0m] Reached target System Time Synchronized.
         Starting Update UTMP about System Boot/Shutdown...
[[0;32m  OK  [0m] Started Update UTMP about System Boot/Shutdown.
[[0;32m  OK  [0m] Found device /dev/ttyS0.
[[0;32m  OK  [0m] Started LSB: AppArmor initialization.
[[0;32m  OK  [0m] Started Set console font and keymap.
[[0;32m  OK  [0m] Created slice system-getty.slice.
[[0;32m  OK  [0m] Listening on Load/Save RF Kill Switch Status /dev/rfkill Watch.
[[0;32m  OK  [0m] Found device 82540EM Gigabit Ethern...r (PRO/1000 MT Desktop Adapter).
[[0;32m  OK  [0m] Found device 82540EM Gigabit Ethern...r (PRO/1000 MT Desktop Adapter).
[   31.370049] cloud-init[439]: Cloud-init v. 17.2 running 'init-local' at Thu, 29 Mar 2018 19:07:46 +0000. Up 28.24 seconds.
[[0;32m  OK  [0m] Started Initial cloud-init job (pre-networking).
[[0;32m  OK  [0m] Reached target Network (Pre).
[[0;32m  OK  [0m] Started ifup for enp0s8.
         Starting Raise network interfaces...
[[0;32m  OK  [0m] Started ifup for enp0s3.
[[0;32m  OK  [0m] Started Raise network interfaces.
[[0;32m  OK  [0m] Reached target Network.
         Starting Initial cloud-init job (metadata service crawler)...
[   37.919182] cloud-init[1057]: Cloud-init v. 17.2 running 'init' at Thu, 29 Mar 2018 19:07:54 +0000. Up 36.11 seconds.
[   38.166489] [[0;32m  OK  [0m] Started Initial cloud-init job (metadata service crawler).
cloud-init[1057]: ci-info: ++++++++++++++++++++++++++++++++++++++Net device info++++++++++++++++++++++++++++++++++++++
[   38.177400] cloud-init[1057]: ci-info: +--------+------+-----------------------------+---------------+-------+-------------------+
[   38.183125] [[0;32m  OK  [0m] Reached target System Initialization.
cloud-init[1057]: ci-info: | Device |  Up  |           Address           |      Mask     | Scope |     Hw-Address    |
[[0;32m  OK  [0m] Started ACPI Events Check.
[[0;32m  OK  [0m] Reached target Paths.
[[0;32m  OK  [0m] Listening on UUID daemon activation socket.
[[0;32m  OK  [0m] Listening on ACPID Listen Socket.
[   38.243962] cloud-init[1057]: ci-info: +--------+------+-----------------------------+---------------+-------+-------------------+
[   38.277887] cloud-init[1057]: ci-info: | enp0s3 | True |          10.0.2.15          | 255.255.255.0 |   .   | 02:f4:1f:34:da:68 |
[   38.345916] cloud-init[1057]: ci-info: | enp0s3 | True |  fe80::f4:1fff:fe34:da68/64 |       .       |  link | 02:f4:1f:34:da:68 |
[[0;32m  OK  [0m] Started Timer to automatically refresh installed snaps.
[[0;32m  OK  [0m] Listening on D-Bus System Message Bus Socket.
[[0;32m  OK  [0m] Started Daily Cleanup of Temporary Directories.
[[0;32m  OK  [0m] Started Daily apt download activities.
[[0;32m  OK  [0m] Started Daily apt upgrade and clean activities.
[[0;32m  OK  [0m] Reached target Timers.
[   38.432914] cloud-init[1057]: ci-info: | enp0s8 | True |        192.168.33.100       | 255.255.255.0 |   .   | 08:00:27:e0:a4:38 |
         Starting Socket activation for snappy daemon.
[   38.541076] cloud-init[1057]: ci-info: | enp0s8 | True | fe80::a00:27ff:fee0:a438/64 |       .       |  link | 08:00:27:e0:a4:38 |
[   38.579299] cloud-init[1057]: ci-info: |   lo   | True |          127.0.0.1          |   255.0.0.0   |   .   |         .         |
[   38.592073] cloud-init[1057]: ci-info: |   lo   | True |           ::1/128           |       .       |  host |         .         |
[   38.605040] cloud-init[1057]: ci-info: +--------+------+-----------------------------+---------------+-------+-------------------+
[   38.609766] cloud-init[1057]: ci-info: ++++++++++++++++++++++++++++Route IPv4 info++++++++++++++++++++++++++++
[   38.617755] cloud-init[1057]: ci-info: +-------+--------------+----------+---------------+-----------+-------+         Starting LXD - unix socket.
[[0;32m  OK  [0m] Reached target Network is Online.

[   38.630995] cloud-init[1057]: ci-info: | Route | Destination  | Gateway  |    Genmask    | Interface | Flags |
[   38.643644] cloud-init[1057]: ci-info: +-------+--------------+----------+---------------+-----------+-------+
[   38.648784] cloud-init[1057]: ci-info: |   0   |   0.0.0.0    | 10.0.2.2 |    0.0.0.0    |   enp0s3  |   UG  |
[   38.656377] cloud-init[1057]: ci-info: |   1   |   10.0.2.0   | 0.0.0.0  | 255.255.255.0 |   enp0s3  |   U   |
[   38.670008] cloud-init[1057]: ci-info: |   2   | 192.168.33.0 | 0.0.0.0  | 255.255.255.0 |   enp0s8  |   U   |
[   38.677531] cloud-init[1057]: ci-info: +-------+--------------+----------+---------------+-----------+-------+
         Starting iSCSI initiator daemon (iscsid)...
[[0;32m  OK  [0m] Reached target Cloud-config availability.
[[0;32m  OK  [0m] Listening on Socket activation for snappy daemon.
[[0;32m  OK  [0m] Listening on LXD - unix socket.
[[0;32m  OK  [0m] Reached target Sockets.
[[0;32m  OK  [0m] Reached target Basic System.
         Starting Apply the settings specified in cloud-config...
[[0;32m  OK  [0m] Started ACPI event daemon.
[[0;32m  OK  [0m] Started FUSE filesystem for LXC.
         Starting PostgreSQL Cluster 10-main...
         Starting MySQL Community Server...
         Starting Accounts Service...
         Starting /etc/rc.local Compatibility...
         Starting System Logging Service...
[[0;32m  OK  [0m] Started Unattended Upgrades Shutdown.
[[0;32m  OK  [0m] Started Deferred execution scheduler.
[[0;32m  OK  [0m] Started Regular background program processing daemon.
         Starting LXD - container startup/shutdown...
         Starting Advanced key-value store...
         Starting OpenBSD Secure Shell server...
         Starting Login Service...
         Starting The PHP 7.1 FastCGI Process Manager...
         Starting Snappy daemon...
[[0;32m  OK  [0m] Started memcached daemon.
         Starting LSB: Record successful boot for GRUB...
[[0;32m  OK  [0m] Started D-Bus System Message Bus.
[   46.131599] cloud-init[1108]: Cloud-init v. 17.2 running 'modules:config' at Thu, 29 Mar 2018 19:08:00 +0000. Up 42.60 seconds.
         Starting LSB: MD monitoring daemon...
[[0;32m  OK  [0m] Started System Logging Service.
[[0;32m  OK  [0m] Started OpenBSD Secure Shell server.
[[0;32m  OK  [0m] Started Apply the settings specified in cloud-config.
[[0;32m  OK  [0m] Started /etc/rc.local Compatibility.
[[0;32m  OK  [0m] Started iSCSI initiator daemon (iscsid).
         Starting Login to default iSCSI targets...
[[0;32m  OK  [0m] Started Login Service.
         Starting Authenticate and Authorize Users to Run Privileged Tasks...
[[0;32m  OK  [0m] Started LSB: Record successful boot for GRUB.
[[0;32m  OK  [0m] Started Login to default iSCSI targets.
[[0;32m  OK  [0m] Reached target Remote File Systems (Pre).
[[0;32m  OK  [0m] Reached target Remote File Systems.
         Starting LSB: Start/stop sysstat's sadc...
         Starting LSB: VirtualBox Linux Additions...
         Starting LSB: Apache2 web server...
         Starting LSB: automatic crash report generation...
         Starting LSB: Set the CPU Frequency Scaling governor to "ondemand"...
         Starting LSB: daemon to balance interrupts for SMP systems...
         Starting Permit User Sessions...
[[0;32m  OK  [0m] Started LSB: MD monitoring daemon.
[[0;32m  OK  [0m] Started Permit User Sessions.
         Starting Hold until boot process finishes up...
         Starting Terminate Plymouth Boot Screen...
[[0;32m  OK  [0m] Started Hold until boot process finishes up.
[[0;32m  OK  [0m] Started Terminate Plymouth Boot Screen.
[[0;32m  OK  [0m] Started LSB: Start/stop sysstat's sadc.
[[0;32m  OK  [0m] Started LSB: Set the CPU Frequency Scaling governor to "ondemand".
[[0;32m  OK  [0m] Started Getty on tty1.
[[0;32m  OK  [0m] Started Serial Getty on ttyS0.
[[0;32m  OK  [0m] Reached target Login Prompts.
         Starting Set console scheme...
[[0;32m  OK  [0m] Started Set console scheme.
[[0;32m  OK  [0m] Started Advanced key-value store.
[[0;32m  OK  [0m] Started LSB: daemon to balance interrupts for SMP systems.
[[0;32m  OK  [0m] Started Authenticate and Authorize Users to Run Privileged Tasks.
[[0;32m  OK  [0m] Started Accounts Service.
[[0;32m  OK  [0m] Started LSB: automatic crash report generation.
[[0;32m  OK  [0m] Created slice User Slice of vagrant.
         Starting User Manager for UID 1000...
[[0;32m  OK  [0m] Started Session 1 of user vagrant.
[[0;32m  OK  [0m] Started LSB: VirtualBox Linux Additions.

Ubuntu 16.04.4 LTS ubuntu-xenial ttyS0

ubuntu-xenial login: [   96.031301] cloud-init[1812]: Cloud-init v. 17.2 running 'modules:final' at Thu, 29 Mar 2018 19:08:46 +0000. Up 88.38 seconds.
[   96.425610] cloud-init[1812]: Cloud-init v. 17.2 finished at Thu, 29 Mar 2018 19:08:54 +0000. Datasource DataSourceNoCloud [seed=/dev/sdb][dsmode=net].  Up 95.76 seconds
